INFO  started: Metals version 0.8.0 in workspace '/Users/dawei.ma/Workspace/blog/bmpi.dev'
INFO  time: initialize in 0.49s
WARN  no build tool detected in workspace '/Users/dawei.ma/Workspace/blog/bmpi.dev'. The most common cause for this problem is that the editor was opened in the wrong working directory, for example if you use sbt then the workspace directory should contain build.sbt. 
INFO  shutting down Metals
INFO  started: Metals version 0.8.1 in workspace '/Users/dawei.ma/Workspace/blog/bmpi.dev'
INFO  time: initialize in 0.46s
WARN  no build tool detected in workspace '/Users/dawei.ma/Workspace/blog/bmpi.dev'. The most common cause for this problem is that the editor was opened in the wrong working directory, for example if you use sbt then the workspace directory should contain build.sbt. 
INFO  shutting down Metals
2020.06.27 10:01:13 INFO  started: Metals version 0.9.0 in workspace '/Users/dawei.ma/Workspace/blog/bmpi.dev'
2020.06.27 10:01:14 INFO  time: initialize in 1.27s
2020.06.27 10:01:15 WARN  no build tool detected in workspace '/Users/dawei.ma/Workspace/blog/bmpi.dev'. The most common cause for this problem is that the editor was opened in the wrong working directory, for example if you use sbt then the workspace directory should contain build.sbt. 
java.util.concurrent.RejectedExecutionException: Task scala.concurrent.impl.CallbackRunnable@8c08a rejected from java.util.concurrent.ThreadPoolExecutor@5ca04379[Shutting down, pool size = 1, active threads = 1, queued tasks = 0, completed tasks = 11]
	at java.base/java.util.concurrent.ThreadPoolExecutor$AbortPolicy.rejectedExecution(ThreadPoolExecutor.java:2055)
	at java.base/java.util.concurrent.ThreadPoolExecutor.reject(ThreadPoolExecutor.java:825)
	at java.base/java.util.concurrent.ThreadPoolExecutor.execute(ThreadPoolExecutor.java:1355)
	at scala.concurrent.impl.ExecutionContextImpl$$anon$4.execute(ExecutionContextImpl.scala:138)
	at scala.concurrent.impl.CallbackRunnable.executeWithValue(Promise.scala:72)
	at scala.concurrent.impl.Promise$DefaultPromise.$anonfun$tryComplete$1(Promise.scala:288)
	at scala.concurrent.impl.Promise$DefaultPromise.$anonfun$tryComplete$1$adapted(Promise.scala:288)
	at scala.concurrent.impl.Promise$DefaultPromise.tryComplete(Promise.scala:288)
	at scala.concurrent.Promise.complete(Promise.scala:53)
	at scala.concurrent.Promise.complete$(Promise.scala:52)
	at scala.concurrent.impl.Promise$DefaultPromise.complete(Promise.scala:187)
	at scala.concurrent.impl.Promise.$anonfun$transform$1(Promise.scala:33)
	at scala.concurrent.impl.CallbackRunnable.run(Promise.scala:64)
	at java.base/java.util.concurrent.ThreadPoolExecutor.runWorker(ThreadPoolExecutor.java:1128)
	at java.base/java.util.concurrent.ThreadPoolExecutor$Worker.run(ThreadPoolExecutor.java:628)
	at java.base/java.lang.Thread.run(Thread.java:834)
